%!Adobe-FontList 1.14
%Locale:0x419

%BeginFont
Handler:DirectoryHandler
FontType:TrueType
FontName:Arial-BoldMT
FamilyName:Arial
StyleName:Bold
FullName:Arial Bold
MenuName:Arial
StyleBits:2
WritingScript:Roman
OutlineFileName:D:\IT\работа\webakula\Font\arial.ttf
DataFormat:sfntData
FileLength:352224
FileModTime:1551705389
WeightClass:700
WidthClass:5
AngleClass:0
%EndFont

%BeginFont
Handler:DirectoryHandler
FontType:TrueType
FontName:ArialMT
FamilyName:Arial
StyleName:Regular
FullName:Arial
MenuName:Arial
StyleBits:0
WritingScript:Roman
OutlineFileName:D:\IT\работа\webakula\Font\arialRegular.ttf
DataFormat:sfntData
FileLength:367112
FileModTime:1551709258
WeightClass:400
WidthClass:5
AngleClass:0
%EndFont

